2022-02-11 10:40:22,337 - INFO - product.py - start_tomcat - 254 - 启动v8.6 tomcat服务成功
2022-02-11 10:46:56,937 - INFO - product.py - shut_tomcat - 227 - v8.6 tomcat服务停止中
2022-02-11 10:46:58,942 - INFO - product.py - shut_tomcat - 229 - v8.6 tomcat服务停止成功
2022-02-11 10:47:05,871 - INFO - product.py - start_tomcat - 258 - 启动v8.6 tomcat服务成功
2022-02-11 10:47:09,587 - INFO - product.py - start_tomcat - 247 - admin已启动v8.6 tomcat服务
2022-02-11 10:54:14,658 - INFO - product.py - shut_tomcat - 230 - v8.6 tomcat服务停止中
2022-02-11 10:54:16,665 - INFO - product.py - shut_tomcat - 232 - v8.6 tomcat服务停止成功
2022-02-11 10:54:25,257 - INFO - product.py - start_tomcat - 261 - 启动v8.6 tomcat服务成功
2022-02-11 10:54:27,716 - INFO - product.py - start_tomcat - 250 - admin已启动v8.6 tomcat服务
2022-02-11 10:54:47,532 - INFO - product.py - start_tomcat - 250 - admin已启动v8.6 tomcat服务
2022-02-11 10:55:52,943 - INFO - product.py - start_tomcat - 250 - admin已启动v8.6 tomcat服务
2022-02-11 10:56:34,354 - INFO - product.py - start_tomcat - 250 - admin已启动v8.6 tomcat服务
2022-02-11 10:56:54,042 - INFO - product.py - start_tomcat - 250 - admin已启动v8.6 tomcat服务
2022-02-11 10:57:17,331 - INFO - product.py - start_tomcat - 250 - admin已启动v8.6 tomcat服务
2022-02-11 10:59:14,156 - INFO - product.py - start_tomcat - 250 - admin已启动v8.6 tomcat服务
2022-02-11 11:00:40,490 - INFO - product.py - start_tomcat - 250 - admin已启动v8.6 tomcat服务
2022-02-11 11:01:11,713 - INFO - product.py - start_tomcat - 250 - admin已启动v8.6 tomcat服务
2022-02-11 11:03:26,975 - INFO - product.py - shut_tomcat - 230 - v8.6 tomcat服务停止中
2022-02-11 11:03:28,982 - INFO - product.py - shut_tomcat - 232 - v8.6 tomcat服务停止成功
2022-02-11 11:03:54,445 - INFO - product.py - start_tomcat - 261 - 启动v8.6 tomcat服务成功
2022-02-11 11:03:58,999 - INFO - product.py - start_tomcat - 250 - zcl已启动v8.6 tomcat服务
2022-02-11 11:04:04,065 - INFO - product.py - start_tomcat - 250 - zcl已启动v8.6 tomcat服务
2022-02-11 11:04:07,694 - INFO - product.py - shut_tomcat - 230 - v8.6 tomcat服务停止中
2022-02-11 11:04:09,699 - INFO - product.py - shut_tomcat - 232 - v8.6 tomcat服务停止成功
